# JRE version: Java(TM) SE Runtime Environment (8.0_66-b17) (build 1.8.0_66-b17)
# Java VM: Java HotSpot(TM) 64-Bit Server VM (25.66-b17 mixed mode windows-amd64 compressed oops)
Heap:
 PSYoungGen      total 348672K, used 34302K [0x00000000e0000000, 0x0000000100000000, 0x0000000100000000)
  eden space 314368K, 0% used [0x00000000e0000000,0x00000000e0000000,0x00000000f3300000)
  from space 34304K, 99% used [0x00000000fdc80000,0x00000000ffdff8f0,0x00000000ffe00000)
  to   space 104960K, 0% used [0x00000000f3300000,0x00000000f3300000,0x00000000f9980000)
 ParOldGen       total 552448K, used 552366K [0x00000000a0000000, 0x00000000c1b80000, 0x00000000e0000000)
  object space 552448K, 99% used [0x00000000a0000000,0x00000000c1b6baa8,0x00000000c1b80000)
 Metaspace       used 94316K, capacity 99624K, committed 99840K, reserved 1136640K
  class space    used 11812K, capacity 12882K, committed 13056K, reserved 1048576K
GC Heap History (10 events):
Event: 2417.929 GC heap after
Heap after GC invocations=209 (full 13):
 PSYoungGen      total 480768K, used 22003K [0x00000000e0000000, 0x00000000ffc00000, 0x0000000100000000)
  eden space 442368K, 0% used [0x00000000e0000000,0x00000000e0000000,0x00000000fb000000)
  from space 38400K, 57% used [0x00000000fd480000,0x00000000fe9fcf80,0x00000000ffa00000)
  to   space 37376K, 0% used [0x00000000fb000000,0x00000000fb000000,0x00000000fd480000)
 ParOldGen       total 500736K, used 370813K [0x00000000a0000000, 0x00000000be900000, 0x00000000e0000000)
  object space 500736K, 74% used [0x00000000a0000000,0x00000000b6a1f770,0x00000000be900000)
 Metaspace       used 93697K, capacity 98916K, committed 99200K, reserved 1136640K
  class space    used 11754K, capacity 12820K, committed 12928K, reserved 1048576K
}
Event: 2418.287 GC heap before
{Heap before GC invocations=210 (full 13):
 PSYoungGen      total 480768K, used 464371K [0x00000000e0000000, 0x00000000ffc00000, 0x0000000100000000)
  eden space 442368K, 100% used [0x00000000e0000000,0x00000000fb000000,0x00000000fb000000)
  from space 38400K, 57% used [0x00000000fd480000,0x00000000fe9fcf80,0x00000000ffa00000)
  to   space 37376K, 0% used [0x00000000fb000000,0x00000000fb000000,0x00000000fd480000)
 ParOldGen       total 500736K, used 370813K [0x00000000a0000000, 0x00000000be900000, 0x00000000e0000000)
  object space 500736K, 74% used [0x00000000a0000000,0x00000000b6a1f770,0x00000000be900000)
 Metaspace       used 93712K, capacity 98980K, committed 99200K, reserved 1136640K
  class space    used 11755K, capacity 12820K, committed 12928K, reserved 1048576K
Event: 2418.297 GC heap after
Heap after GC invocations=210 (full 13):
 PSYoungGen      total 479744K, used 11623K [0x00000000e0000000, 0x00000000ffe00000, 0x0000000100000000)
  eden space 442368K, 0% used [0x00000000e0000000,0x00000000e0000000,0x00000000fb000000)
  from space 37376K, 31% used [0x00000000fb000000,0x00000000fbb59e08,0x00000000fd480000)
  to   space 36864K, 0% used [0x00000000fda00000,0x00000000fda00000,0x00000000ffe00000)
 ParOldGen       total 500736K, used 372776K [0x00000000a0000000, 0x00000000be900000, 0x00000000e0000000)
  object space 500736K, 74% used [0x00000000a0000000,0x00000000b6c0a3a8,0x00000000be900000)
 Metaspace       used 93712K, capacity 98980K, committed 99200K, reserved 1136640K
  class space    used 11755K, capacity 12820K, committed 12928K, reserved 1048576K
}
Event: 2418.729 GC heap before
{Heap before GC invocations=211 (full 13):
 PSYoungGen      total 479744K, used 453991K [0x00000000e0000000, 0x00000000ffe00000, 0x0000000100000000)
  eden space 442368K, 100% used [0x00000000e0000000,0x00000000fb000000,0x00000000fb000000)
  from space 37376K, 31% used [0x00000000fb000000,0x00000000fbb59e08,0x00000000fd480000)
  to   space 36864K, 0% used [0x00000000fda00000,0x00000000fda00000,0x00000000ffe00000)
 ParOldGen       total 500736K, used 372776K [0x00000000a0000000, 0x00000000be900000, 0x00000000e0000000)
  object space 500736K, 74% used [0x00000000a0000000,0x00000000b6c0a3a8,0x00000000be900000)
 Metaspace       used 93731K, capacity 98980K, committed 99200K, reserved 1136640K
  class space    used 11755K, capacity 12820K, committed 12928K, reserved 1048576K
Event: 2418.746 GC heap after
Heap after GC invocations=211 (full 13):
 PSYoungGen      total 485376K, used 18140K [0x00000000e0000000, 0x00000000ffc80000, 0x0000000100000000)
  eden space 450048K, 0% used [0x00000000e0000000,0x00000000e0000000,0x00000000fb780000)
  from space 35328K, 51% used [0x00000000fda00000,0x00000000febb7150,0x00000000ffc80000)
  to   space 35328K, 0% used [0x00000000fb780000,0x00000000fb780000,0x00000000fda00000)
 ParOldGen       total 500736K, used 372784K [0x00000000a0000000, 0x00000000be900000, 0x00000000e0000000)
  object space 500736K, 74% used [0x00000000a0000000,0x00000000b6c0c3a8,0x00000000be900000)
 Metaspace       used 93731K, capacity 98980K, committed 99200K, reserved 1136640K
  class space    used 11755K, capacity 12820K, committed 12928K, reserved 1048576K
}
Event: 2419.786 GC heap before
{Heap before GC invocations=212 (full 13):
 PSYoungGen      total 485376K, used 468188K [0x00000000e0000000, 0x00000000ffc80000, 0x0000000100000000)
  eden space 450048K, 100% used [0x00000000e0000000,0x00000000fb780000,0x00000000fb780000)
  from space 35328K, 51% used [0x00000000fda00000,0x00000000febb7150,0x00000000ffc80000)
  to   space 35328K, 0% used [0x00000000fb780000,0x00000000fb780000,0x00000000fda00000)
 ParOldGen       total 500736K, used 372784K [0x00000000a0000000, 0x00000000be900000, 0x00000000e0000000)
  object space 500736K, 74% used [0x00000000a0000000,0x00000000b6c0c3a8,0x00000000be900000)
 Metaspace       used 93750K, capacity 98980K, committed 99200K, reserved 1136640K
  class space    used 11756K, capacity 12820K, committed 12928K, reserved 1048576K
Event: 2419.797 GC heap after
Heap after GC invocations=212 (full 13):
 PSYoungGen      total 485376K, used 14916K [0x00000000e0000000, 0x00000000ffe00000, 0x0000000100000000)
  eden space 450048K, 0% used [0x00000000e0000000,0x00000000e0000000,0x00000000fb780000)
  from space 35328K, 42% used [0x00000000fb780000,0x00000000fc6110a0,0x00000000fda00000)
  to   space 34304K, 0% used [0x00000000fdc80000,0x00000000fdc80000,0x00000000ffe00000)
 ParOldGen       total 500736K, used 372784K [0x00000000a0000000, 0x00000000be900000, 0x00000000e0000000)
  object space 500736K, 74% used [0x00000000a0000000,0x00000000b6c0c3a8,0x00000000be900000)
 Metaspace       used 93750K, capacity 98980K, committed 99200K, reserved 1136640K
  class space    used 11756K, capacity 12820K, committed 12928K, reserved 1048576K
}
Event: 2422.557 GC heap before
{Heap before GC invocations=213 (full 13):
 PSYoungGen      total 485376K, used 464964K [0x00000000e0000000, 0x00000000ffe00000, 0x0000000100000000)
  eden space 450048K, 100% used [0x00000000e0000000,0x00000000fb780000,0x00000000fb780000)
  from space 35328K, 42% used [0x00000000fb780000,0x00000000fc6110a0,0x00000000fda00000)
  to   space 34304K, 0% used [0x00000000fdc80000,0x00000000fdc80000,0x00000000ffe00000)
 ParOldGen       total 500736K, used 372784K [0x00000000a0000000, 0x00000000be900000, 0x00000000e0000000)
  object space 500736K, 74% used [0x00000000a0000000,0x00000000b6c0c3a8,0x00000000be900000)
 Metaspace       used 94316K, capacity 99624K, committed 99840K, reserved 1136640K
  class space    used 11812K, capacity 12882K, committed 13056K, reserved 1048576K
Event: 2422.818 GC heap after
Heap after GC invocations=213 (full 13):
 PSYoungGen      total 348672K, used 34302K [0x00000000e0000000, 0x0000000100000000, 0x0000000100000000)
  eden space 314368K, 0% used [0x00000000e0000000,0x00000000e0000000,0x00000000f3300000)
  from space 34304K, 99% used [0x00000000fdc80000,0x00000000ffdff8f0,0x00000000ffe00000)
  to   space 104960K, 0% used [0x00000000f3300000,0x00000000f3300000,0x00000000f9980000)
 ParOldGen       total 552448K, used 552366K [0x00000000a0000000, 0x00000000c1b80000, 0x00000000e0000000)
  object space 552448K, 99% used [0x00000000a0000000,0x00000000c1b6baa8,0x00000000c1b80000)
 Metaspace       used 94316K, capacity 99624K, committed 99840K, reserved 1136640K
  class space    used 11812K, capacity 12882K, committed 13056K, reserved 1048576K
}
Event: 2422.818 GC heap before
{Heap before GC invocations=214 (full 14):
 PSYoungGen      total 348672K, used 34302K [0x00000000e0000000, 0x0000000100000000, 0x0000000100000000)
  eden space 314368K, 0% used [0x00000000e0000000,0x00000000e0000000,0x00000000f3300000)
  from space 34304K, 99% used [0x00000000fdc80000,0x00000000ffdff8f0,0x00000000ffe00000)
  to   space 104960K, 0% used [0x00000000f3300000,0x00000000f3300000,0x00000000f9980000)
 ParOldGen       total 552448K, used 552366K [0x00000000a0000000, 0x00000000c1b80000, 0x00000000e0000000)
  object space 552448K, 99% used [0x00000000a0000000,0x00000000c1b6baa8,0x00000000c1b80000)
 Metaspace       used 94316K, capacity 99624K, committed 99840K, reserved 1136640K
  class space    used 11812K, capacity 12882K, committed 13056K, reserved 1048576K

